<?xml version="1.0" encoding="UTF-8"?>
<testsuite name="StringTest" tests="8" skipped="0" failures="0" errors="0" timestamp="2020-03-23T16:06:13" hostname="MacBook-Pro-de-Tiago.local" time="0.006">
  <properties/>
  <testcase name="stringReplacer" classname="StringTest" time="0.002"/>
  <testcase name="transformUndo" classname="StringTest" time="0.001"/>
  <testcase name="stringDrink" classname="StringTest" time="0.0"/>
  <testcase name="stringInverter" classname="StringTest" time="0.0"/>
  <testcase name="transformerGroup" classname="StringTest" time="0.001"/>
  <testcase name="transformerComposite" classname="StringTest" time="0.0"/>
  <testcase name="stringRecipe" classname="StringTest" time="0.001"/>
  <testcase name="stringCaseChanger" classname="StringTest" time="0.0"/>
  <system-out><![CDATA[]]></system-out>
  <system-err><![CDATA[]]></system-err>
</testsuite>
