<?xml version="1.0" encoding="UTF-8"?>
<testsuite name="com.aor.refactoring.example5.TurtleTest" tests="3" skipped="0" failures="0" errors="0" timestamp="2020-03-30T16:58:11" hostname="MacBook-Pro-de-Tiago.local" time="0.001">
  <properties/>
  <testcase name="testForward" classname="com.aor.refactoring.example5.TurtleTest" time="0.001"/>
  <testcase name="testRotateLeft" classname="com.aor.refactoring.example5.TurtleTest" time="0.0"/>
  <testcase name="testRotateRight" classname="com.aor.refactoring.example5.TurtleTest" time="0.0"/>
  <system-out><![CDATA[]]></system-out>
  <system-err><![CDATA[]]></system-err>
</testsuite>
